<?xml version="1.0" encoding="UTF-8"?>
<!-- Generated by org.testng.reporters.JUnitReportReporter -->
<testsuite hostname="MSI" failures="0" tests="1" name="testRunner.RunnerClass" time="13.648" errors="0" timestamp="18 Jul 2024 12:46:10 GMT" skipped="0">
  <testcase classname="testRunner.RunnerClass" name="runScenario" time="13.648"/>
</testsuite> <!-- testRunner.RunnerClass -->
